
Attaching package: 'dplyr'

The following objects are masked from 'package:stats':

    filter, lag

The following objects are masked from 'package:base':

    intersect, setdiff, setequal, union

Warning message:
package 'dplyr' was built under R version 4.2.3 
Warning message:
package 'readr' was built under R version 4.2.3 
Warning message:
package 'readxl' was built under R version 4.2.3 
── Attaching core tidyverse packages ──────────────────────── tidyverse 2.0.0 ──
✔ forcats   1.0.0     ✔ stringr   1.5.0
✔ ggplot2   3.4.2     ✔ tibble    3.2.1
✔ lubridate 1.9.2     ✔ tidyr     1.3.0
✔ purrr     1.0.1     
── Conflicts ────────────────────────────────────────── tidyverse_conflicts() ──
✖ dplyr::filter() masks stats::filter()
✖ dplyr::lag()    masks stats::lag()
ℹ Use the conflicted package (<http://conflicted.r-lib.org/>) to force all conflicts to become errors
Warning messages:
1: package 'tidyverse' was built under R version 4.2.3 
2: package 'ggplot2' was built under R version 4.2.3 
3: package 'tibble' was built under R version 4.2.3 
4: package 'tidyr' was built under R version 4.2.3 
5: package 'purrr' was built under R version 4.2.3 
6: package 'stringr' was built under R version 4.2.3 
7: package 'forcats' was built under R version 4.2.3 
8: package 'lubridate' was built under R version 4.2.3 
gdata: Unable to locate valid perl interpreter
gdata: 
gdata: read.xls() will be unable to read Excel XLS and XLSX files
gdata: unless the 'perl=' argument is used to specify the location of a
gdata: valid perl intrpreter.
gdata: 
gdata: (To avoid display of this message in the future, please ensure
gdata: perl is installed and available on the executable search path.)
gdata: Unable to load perl libaries needed by read.xls()
gdata: to support 'XLX' (Excel 97-2004) files.

gdata: Unable to load perl libaries needed by read.xls()
gdata: to support 'XLSX' (Excel 2007+) files.

gdata: Run the function 'installXLSXsupport()'
gdata: to automatically download and install the perl
gdata: libaries needed to support Excel XLS and XLSX formats.

Attaching package: 'gdata'

The following object is masked from 'package:purrr':

    keep

The following objects are masked from 'package:dplyr':

    combine, first, last

The following object is masked from 'package:stats':

    nobs

The following object is masked from 'package:utils':

    object.size

The following object is masked from 'package:base':

    startsWith

Loading required package: NLP

Attaching package: 'NLP'

The following object is masked from 'package:ggplot2':

    annotate


Attaching package: 'data.table'

The following objects are masked from 'package:gdata':

    first, last

The following objects are masked from 'package:lubridate':

    hour, isoweek, mday, minute, month, quarter, second, wday, week,
    yday, year

The following object is masked from 'package:purrr':

    transpose

The following objects are masked from 'package:dplyr':

    between, first, last


Attaching package: 'reshape2'

The following objects are masked from 'package:data.table':

    dcast, melt

The following object is masked from 'package:tidyr':

    smiths


Attaching package: 'magrittr'

The following object is masked from 'package:purrr':

    set_names

The following object is masked from 'package:tidyr':

    extract


Attaching package: 'janitor'

The following objects are masked from 'package:stats':

    chisq.test, fisher.test

Warning message:
package 'janitor' was built under R version 4.2.3 

Attaching package: 'httr'

The following object is masked from 'package:NLP':

    content


Attaching package: 'jsonlite'

The following object is masked from 'package:purrr':

    flatten

[1] 200
Warning message:
In rm(list = c("response", "submissions_df", "response_content",  :
  object 'date_range' not found
`summarise()` has grouped output by 'labname'. You can override using the
`.groups` argument.
`summarise()` has grouped output by 'labname'. You can override using the
`.groups` argument.
